build/app/outputs/mapping/release/seeds.txt
com.jhc.jhc_app.MainActivity
com.jhc.jhc_app.MainActivity: MainActivity()
...
com.google.firebase.database.connection.PersistentConnectionImpl$ConnectionState: com.google.firebase.database.connection.PersistentConnectionImpl$ConnectionState[] values()
com.google.protobuf.AbstractMessageLite: AbstractMessageLite()
com.google.android.gms.internal.measurement.zzfy$zzj: zzfy$zzj()
com.pichillilorenzo.flutter_inappwebview_android.types.WebResourceResponseExt: void setHeaders(java.util.Map)
com.pichillilorenzo.flutter_inappwebview_android.credential_database.CredentialDatabase: void removeHttpAuthCredentials(java.lang.String,java.lang.String,java.lang.String,java.lang.Integer)
com.google.android.gms.internal.ads.zzbbq$zzab: zzbbq$zzab()
com.google.protobuf.Writer$FieldOrder: com.google.protobuf.Writer$FieldOrder valueOf(java.lang.String)
com.pichillilorenzo.flutter_inappwebview_android.types.URLRequest: URLRequest(java.lang.String,java.lang.String,byte[],java.util.Map)
androidx.core.view.WindowInsetsCompat$Impl28: androidx.core.view.DisplayCutoutCompat getDisplayCutout()
com.pichillilorenzo.flutter_inappwebview_android.types.ProxyRuleExt: ProxyRuleExt(java.lang.String,java.lang.String)
com.google.android.gms.internal.ads.zzbkk: boolean shouldOverrideUrlLoading(android.webkit.WebView,java.lang.String)
androidx.appcompat.widget.AppCompatAutoCompleteTextView: android.view.ActionMode$Callback getCustomSelectionActionModeCallback()
com.pichillilorenzo.flutter_inappwebview_android.webview.in_app_webview.FlutterWebView: void makeInitialLoad(java.util.HashMap)
androidx.core.view.WindowInsetsCompat$Impl29: WindowInsetsCompat$Impl29(androidx.core.view.WindowInsetsCompat,android.view.WindowInsets)
androidx.appcompat.app.AppCompatActivity: boolean onKeyDown(int,android.view.KeyEvent)
io.flutter.embedding.engine.systemchannels.PlatformChannel$Brightness: io.flutter.embedding.engine.systemchannels.PlatformChannel$Brightness valueOf(java.lang.String)
androidx.constraintlayout.core.widgets.ConstraintAnchor$Type: androidx.constraintlayout.core.widgets.ConstraintAnchor$Type valueOf(java.lang.String)
androidx.vectordrawable.graphics.drawable.VectorDrawableCompat$VClipPath: VectorDrawableCompat$VClipPath()
androidx.appcompat.widget.AppCompatToggleButton: void setSupportBackgroundTintMode(android.graphics.PorterDuff$Mode)
androidx.core.app.NotificationCompat$CallStyle$Api28Impl: android.app.Notification$Builder addPerson(android.app.Notification$Builder,android.app.Person)
com.google.firestore.v1.StructuredQuery$Builder: StructuredQuery$Builder()
com.google.firebase.firestore.model.FieldIndex: FieldIndex()
com.pichillilorenzo.flutter_inappwebview_android.webview.in_app_webview.InAppWebViewClientCompat: void access$301(com.pichillilorenzo.flutter_inappwebview_android.webview.in_app_webview.InAppWebViewClientCompat,android.webkit.WebView,android.webkit.HttpAuthHandler,java.lang.String,java.lang.String)
com.pichillilorenzo.flutter_inappwebview_android.content_blocker.ContentBlockerActionType: boolean equalsValue(java.lang.String)
com.pichillilorenzo.flutter_inappwebview_android.types.URLCredential: void setId(java.lang.Long)
androidx.activity.ComponentActivity: void addObserverForBackInvoker$lambda$7(androidx.activity.OnBackPressedDispatcher,androidx.activity.ComponentActivity,androidx.lifecycle.LifecycleOwner,androidx.lifecycle.Lifecycle$Event)
com.pichillilorenzo.flutter_inappwebview_android.types.DownloadStartRequest: java.lang.String getMimeType()
androidx.activity.ComponentActivity: void addMenuProvider(androidx.core.view.MenuProvider,androidx.lifecycle.LifecycleOwner,androidx.lifecycle.Lifecycle$State)
io.flutter.embedding.engine.FlutterOverlaySurface: FlutterOverlaySurface(int,android.view.Surface)
androidx.appcompat.widget.ResourceManagerInternal$DrawableDelegate: ResourceManagerInternal$DrawableDelegate()
androidx.core.view.accessibility.AccessibilityNodeInfoCompat$Api34Impl: void getBoundsInWindow(android.view.accessibility.AccessibilityNodeInfo,android.graphics.Rect)